c:\users\kalos\documents\3kurs\os\lab\lab3\ht_dll\ht\release\ht.pdb
c:\users\kalos\documents\3kurs\os\lab\lab3\ht_dll\ht\release\ht.obj
c:\users\kalos\documents\3kurs\os\lab\lab3\ht_dll\ht\release\func.obj
c:\users\kalos\documents\3kurs\os\lab\lab3\ht_dll\ht\release\vc141.pdb
c:\users\kalos\documents\3kurs\os\lab\lab3\ht_dll\release\ht.lib
c:\users\kalos\documents\3kurs\os\lab\lab3\ht_dll\release\ht.exp
c:\users\kalos\documents\3kurs\os\lab\lab3\ht_dll\release\ht.ipdb
c:\users\kalos\documents\3kurs\os\lab\lab3\ht_dll\release\ht.iobj
c:\users\kalos\documents\3kurs\os\lab\lab3\ht_dll\release\ht.dll
c:\users\kalos\documents\3kurs\os\lab\lab3\ht_dll\release\ht.pdb
c:\users\kalos\documents\3kurs\os\lab\lab3\ht_dll\ht\release\ht.tlog\cl.command.1.tlog
c:\users\kalos\documents\3kurs\os\lab\lab3\ht_dll\ht\release\ht.tlog\cl.read.1.tlog
c:\users\kalos\documents\3kurs\os\lab\lab3\ht_dll\ht\release\ht.tlog\cl.write.1.tlog
c:\users\kalos\documents\3kurs\os\lab\lab3\ht_dll\ht\release\ht.tlog\ht.write.1u.tlog
c:\users\kalos\documents\3kurs\os\lab\lab3\ht_dll\ht\release\ht.tlog\lib-link.read.1.tlog
c:\users\kalos\documents\3kurs\os\lab\lab3\ht_dll\ht\release\ht.tlog\lib-link.write.1.tlog
c:\users\kalos\documents\3kurs\os\lab\lab3\ht_dll\ht\release\ht.tlog\lib.command.1.tlog
c:\users\kalos\documents\3kurs\os\lab\lab3\ht_dll\ht\release\ht.tlog\link.command.1.tlog
c:\users\kalos\documents\3kurs\os\lab\lab3\ht_dll\ht\release\ht.tlog\link.read.1.tlog
c:\users\kalos\documents\3kurs\os\lab\lab3\ht_dll\ht\release\ht.tlog\link.write.1.tlog
