c:\users\kalos\documents\3kurs\os\lab\lab4\os12_com\os12_com\os12_com\debug\os12_com.pch
c:\users\kalos\documents\3kurs\os\lab\lab4\os12_com\os12_com\os12_com\debug\vc141.pdb
c:\users\kalos\documents\3kurs\os\lab\lab4\os12_com\os12_com\os12_com\debug\vc141.idb
c:\users\kalos\documents\3kurs\os\lab\lab4\os12_com\os12_com\os12_com\debug\pch.obj
c:\users\kalos\documents\3kurs\os\lab\lab4\os12_com\os12_com\os12_com\debug\os12_com.obj
c:\users\kalos\documents\3kurs\os\lab\lab4\os12_com\os12_com\os12_com\debug\install.obj
c:\users\kalos\documents\3kurs\os\lab\lab4\os12_com\os12_com\os12_com\debug\dllmain.obj
c:\users\kalos\documents\3kurs\os\lab\lab4\os12_com\os12_com\os12_com\debug\comdll.obj
c:\users\kalos\documents\3kurs\os\lab\lab4\os12_com\os12_com\os12_com\debug\cfactory.obj
c:\users\kalos\documents\3kurs\os\lab\lab4\os12_com\os12_com\debug\os12_com.ilk
c:\users\kalos\documents\3kurs\os\lab\lab4\os12_com\os12_com\debug\os12_com.dll
c:\users\kalos\documents\3kurs\os\lab\lab4\os12_com\os12_com\debug\os12_com.pdb
c:\users\kalos\documents\3kurs\os\lab\lab4\os12_com\os12_com\debug\os12_com.lib
c:\users\kalos\documents\3kurs\os\lab\lab4\os12_com\os12_com\debug\os12_com.exp
c:\users\kalos\documents\3kurs\os\lab\lab4\os12_com\os12_com\os12_com\debug\os12_com.tlog\cl.command.1.tlog
c:\users\kalos\documents\3kurs\os\lab\lab4\os12_com\os12_com\os12_com\debug\os12_com.tlog\cl.read.1.tlog
c:\users\kalos\documents\3kurs\os\lab\lab4\os12_com\os12_com\os12_com\debug\os12_com.tlog\cl.write.1.tlog
c:\users\kalos\documents\3kurs\os\lab\lab4\os12_com\os12_com\os12_com\debug\os12_com.tlog\link.command.1.tlog
c:\users\kalos\documents\3kurs\os\lab\lab4\os12_com\os12_com\os12_com\debug\os12_com.tlog\link.read.1.tlog
c:\users\kalos\documents\3kurs\os\lab\lab4\os12_com\os12_com\os12_com\debug\os12_com.tlog\link.write.1.tlog
c:\users\kalos\documents\3kurs\os\lab\lab4\os12_com\os12_com\os12_com\debug\os12_com.tlog\os12_com.write.1u.tlog
