c:\users\kalos\documents\3kurs\os\lab\lab7\os13_htcom\os13_htcom\os13_htcom\debug\os13_htcom.pch
c:\users\kalos\documents\3kurs\os\lab\lab7\os13_htcom\os13_htcom\os13_htcom\debug\vc141.pdb
c:\users\kalos\documents\3kurs\os\lab\lab7\os13_htcom\os13_htcom\os13_htcom\debug\vc141.idb
c:\users\kalos\documents\3kurs\os\lab\lab7\os13_htcom\os13_htcom\os13_htcom\debug\pch.obj
c:\users\kalos\documents\3kurs\os\lab\lab7\os13_htcom\os13_htcom\os13_htcom\debug\os13_htcom.obj
c:\users\kalos\documents\3kurs\os\lab\lab7\os13_htcom\os13_htcom\os13_htcom\debug\install.obj
c:\users\kalos\documents\3kurs\os\lab\lab7\os13_htcom\os13_htcom\os13_htcom\debug\ht.obj
c:\users\kalos\documents\3kurs\os\lab\lab7\os13_htcom\os13_htcom\os13_htcom\debug\dllmain.obj
c:\users\kalos\documents\3kurs\os\lab\lab7\os13_htcom\os13_htcom\os13_htcom\debug\com.obj
c:\users\kalos\documents\3kurs\os\lab\lab7\os13_htcom\os13_htcom\os13_htcom\debug\cfactory.obj
c:\users\kalos\documents\3kurs\os\lab\lab7\os13_htcom\os13_htcom\debug\os13_htcom.ilk
c:\users\kalos\documents\3kurs\os\lab\lab7\os13_htcom\os13_htcom\debug\os13_htcom.dll
c:\users\kalos\documents\3kurs\os\lab\lab7\os13_htcom\os13_htcom\debug\os13_htcom.pdb
c:\users\kalos\documents\3kurs\os\lab\lab7\os13_htcom\os13_htcom\debug\os13_htcom.lib
c:\users\kalos\documents\3kurs\os\lab\lab7\os13_htcom\os13_htcom\debug\os13_htcom.exp
c:\users\kalos\documents\3kurs\os\lab\lab7\os13_htcom\os13_htcom\os13_htcom\debug\os13_htcom.tlog\cl.command.1.tlog
c:\users\kalos\documents\3kurs\os\lab\lab7\os13_htcom\os13_htcom\os13_htcom\debug\os13_htcom.tlog\cl.read.1.tlog
c:\users\kalos\documents\3kurs\os\lab\lab7\os13_htcom\os13_htcom\os13_htcom\debug\os13_htcom.tlog\cl.write.1.tlog
c:\users\kalos\documents\3kurs\os\lab\lab7\os13_htcom\os13_htcom\os13_htcom\debug\os13_htcom.tlog\link.command.1.tlog
c:\users\kalos\documents\3kurs\os\lab\lab7\os13_htcom\os13_htcom\os13_htcom\debug\os13_htcom.tlog\link.read.1.tlog
c:\users\kalos\documents\3kurs\os\lab\lab7\os13_htcom\os13_htcom\os13_htcom\debug\os13_htcom.tlog\link.write.1.tlog
c:\users\kalos\documents\3kurs\os\lab\lab7\os13_htcom\os13_htcom\os13_htcom\debug\os13_htcom.tlog\os13_htcom.write.1u.tlog
