  pch.cpp
  CFactory.cpp
  COM.cpp
  dllmain.cpp
  HT.cpp
  INSTALL.cpp
  OS13_HTCOM.cpp
c:\users\kalos\documents\3kurs\os\lab\lab7\os13_htcom\os13_htcom\os13_htcom\os13_htcom.cpp(113): warning C4018: <: несоответствие типов со знаком и без знака
c:\users\kalos\documents\3kurs\os\lab\lab7\os13_htcom\os13_htcom\os13_htcom\os13_htcom.cpp(213): warning C4018: <: несоответствие типов со знаком и без знака
c:\users\kalos\documents\3kurs\os\lab\lab7\os13_htcom\os13_htcom\os13_htcom\os13_htcom.cpp(316): warning C4018: <: несоответствие типов со знаком и без знака
c:\users\kalos\documents\3kurs\os\lab\lab7\os13_htcom\os13_htcom\os13_htcom\os13_htcom.cpp(336): warning C4129: F: неизвестная escape-последовательность
c:\users\kalos\documents\3kurs\os\lab\lab7\os13_htcom\os13_htcom\os13_htcom\os13_htcom.cpp(266): warning C4101: info: неиспользованная локальная переменная
  Создание кода...
c:\users\kalos\documents\3kurs\os\lab\lab7\os13_htcom\os13_htcom\os13_htcom\os13_htcom.cpp(156): warning C4715: OS13_HTCOM::HTCreate: значение возвращается не при всех путях выполнения
c:\users\kalos\documents\3kurs\os\lab\lab7\os13_htcom\os13_htcom\os13_htcom\os13_htcom.cpp(250): warning C4715: OS13_HTCOM::HTOpen: значение возвращается не при всех путях выполнения
c:\users\kalos\documents\3kurs\os\lab\lab7\os13_htcom\os13_htcom\os13_htcom\os13_htcom.cpp(360): warning C4715: OS13_HTCOM::HTOpen: значение возвращается не при всех путях выполнения
c:\users\kalos\documents\3kurs\os\lab\lab7\os13_htcom\os13_htcom\os13_htcom\os13_htcom.cpp(461): warning C4715: OS13_HTCOM::HTOpenMapView: значение возвращается не при всех путях выполнения
c:\users\kalos\documents\3kurs\os\lab\lab7\os13_htcom\os13_htcom\os13_htcom\os13_htcom.cpp(444): warning C4715: OS13_HTCOM::HTInsert: значение возвращается не при всех путях выполнения
     Создается библиотека C:\Users\kalos\Documents\3kurs\OS\lab\lab7\OS13_HTCOM\OS13_HTCOM\Debug\OS13_HTCOM.lib и объект C:\Users\kalos\Documents\3kurs\OS\lab\lab7\OS13_HTCOM\OS13_HTCOM\Debug\OS13_HTCOM.exp
  OS13_HTCOM.vcxproj -> C:\Users\kalos\Documents\3kurs\OS\lab\lab7\OS13_HTCOM\OS13_HTCOM\Debug\OS13_HTCOM.dll
