c:\users\kalos\documents\3kurs\os\lab\lab6\os13_htcom\os13_htcom\os13_htcom\release\os13_htcom.pch
c:\users\kalos\documents\3kurs\os\lab\lab6\os13_htcom\os13_htcom\os13_htcom\release\vc141.pdb
c:\users\kalos\documents\3kurs\os\lab\lab6\os13_htcom\os13_htcom\os13_htcom\release\pch.obj
c:\users\kalos\documents\3kurs\os\lab\lab6\os13_htcom\os13_htcom\os13_htcom\release\os13_htcom.obj
c:\users\kalos\documents\3kurs\os\lab\lab6\os13_htcom\os13_htcom\os13_htcom\release\install.obj
c:\users\kalos\documents\3kurs\os\lab\lab6\os13_htcom\os13_htcom\os13_htcom\release\dllmain.obj
c:\users\kalos\documents\3kurs\os\lab\lab6\os13_htcom\os13_htcom\os13_htcom\release\com.obj
c:\users\kalos\documents\3kurs\os\lab\lab6\os13_htcom\os13_htcom\os13_htcom\release\cfactory.obj
c:\users\kalos\documents\3kurs\os\lab\lab6\os13_htcom\os13_htcom\os13_htcom\release\ht.obj
c:\users\kalos\documents\3kurs\os\lab\lab6\os13_htcom\os13_htcom\release\os13_htcom.dll
c:\users\kalos\documents\3kurs\os\lab\lab6\os13_htcom\os13_htcom\release\os13_htcom.pdb
c:\users\kalos\documents\3kurs\os\lab\lab6\os13_htcom\os13_htcom\release\os13_htcom.ipdb
c:\users\kalos\documents\3kurs\os\lab\lab6\os13_htcom\os13_htcom\release\os13_htcom.iobj
c:\users\kalos\documents\3kurs\os\lab\lab6\os13_htcom\os13_htcom\os13_htcom\release\os13_htcom.tlog\cl.command.1.tlog
c:\users\kalos\documents\3kurs\os\lab\lab6\os13_htcom\os13_htcom\os13_htcom\release\os13_htcom.tlog\cl.read.1.tlog
c:\users\kalos\documents\3kurs\os\lab\lab6\os13_htcom\os13_htcom\os13_htcom\release\os13_htcom.tlog\cl.write.1.tlog
c:\users\kalos\documents\3kurs\os\lab\lab6\os13_htcom\os13_htcom\os13_htcom\release\os13_htcom.tlog\link.command.1.tlog
c:\users\kalos\documents\3kurs\os\lab\lab6\os13_htcom\os13_htcom\os13_htcom\release\os13_htcom.tlog\link.read.1.tlog
c:\users\kalos\documents\3kurs\os\lab\lab6\os13_htcom\os13_htcom\os13_htcom\release\os13_htcom.tlog\link.write.1.tlog
c:\users\kalos\documents\3kurs\os\lab\lab6\os13_htcom\os13_htcom\os13_htcom\release\os13_htcom.tlog\os13_htcom.write.1u.tlog
